<?xml version="1.0" encoding="UTF-8"?>
<!-- Generated by org.testng.reporters.JUnitReportReporter -->
<testsuite hostname="ATMECSINLT-601" failures="0" tests="5" name="com.atmecs.automation.travelSiteAutomation.assignment" time="0.010" errors="1" timestamp="2020-09-18T14:41:40 IST" skipped="4">
  <testcase classname="com.atmecs.automation.travelSiteAutomation.assignment" name="settingAndLaunchingDriver" time="0.010">
    <error message="inStream parameter is null" type="java.lang.NullPointerException">
      <![CDATA[java.lang.NullPointerException: inStream parameter is null
at java.base/java.util.Objects.requireNonNull(Objects.java:247)
at java.base/java.util.Properties.load(Properties.java:407)
at com.atmecs.automation.travelSiteAutomation.assignment.readDatas(assignment.java:120)
at com.atmecs.automation.travelSiteAutomation.assignment.settingAndLaunchingDriver(assignment.java:24)
at java.base/jdk.internal.reflect.NativeMethodAccessorImpl.invoke0(Native Method)
at java.base/jdk.internal.reflect.NativeMethodAccessorImpl.invoke(NativeMethodAccessorImpl.java:62)
at java.base/jdk.internal.reflect.DelegatingMethodAccessorImpl.invoke(DelegatingMethodAccessorImpl.java:43)
at java.base/java.lang.reflect.Method.invoke(Method.java:564)
at org.testng.internal.MethodInvocationHelper.invokeMethod(MethodInvocationHelper.java:135)
at org.testng.internal.MethodInvocationHelper.invokeMethodConsideringTimeout(MethodInvocationHelper.java:64)
at org.testng.internal.ConfigInvoker.invokeConfigurationMethod(ConfigInvoker.java:364)
at org.testng.internal.ConfigInvoker.invokeConfigurations(ConfigInvoker.java:318)
at org.testng.TestRunner.invokeTestConfigurations(TestRunner.java:620)
at org.testng.TestRunner.beforeRun(TestRunner.java:610)
at org.testng.TestRunner.run(TestRunner.java:581)
at org.testng.SuiteRunner.runTest(SuiteRunner.java:384)
at org.testng.SuiteRunner.runSequentially(SuiteRunner.java:378)
at org.testng.SuiteRunner.privateRun(SuiteRunner.java:337)
at org.testng.SuiteRunner.run(SuiteRunner.java:286)
at org.testng.SuiteRunnerWorker.runSuite(SuiteRunnerWorker.java:53)
at org.testng.SuiteRunnerWorker.run(SuiteRunnerWorker.java:96)
at org.testng.TestNG.runSuitesSequentially(TestNG.java:1214)
at org.testng.TestNG.runSuitesLocally(TestNG.java:1136)
at org.testng.TestNG.runSuites(TestNG.java:1066)
at org.testng.TestNG.run(TestNG.java:1034)
at org.testng.remote.AbstractRemoteTestNG.run(AbstractRemoteTestNG.java:115)
at org.testng.remote.RemoteTestNG.initAndRun(RemoteTestNG.java:251)
at org.testng.remote.RemoteTestNG.main(RemoteTestNG.java:77)
]]>
    </error>
  </testcase> <!-- settingAndLaunchingDriver -->
  <system-out/>
  <testcase classname="com.atmecs.automation.travelSiteAutomation.assignment" name="signUpTest" time="0.000">
    <skipped/>
  </testcase> <!-- signUpTest -->
  <system-out/>
  <testcase classname="com.atmecs.automation.travelSiteAutomation.assignment" name="logInTest" time="0.000">
    <skipped/>
  </testcase> <!-- logInTest -->
  <system-out/>
  <testcase classname="com.atmecs.automation.travelSiteAutomation.assignment" name="selectAndAddToCartProduct" time="0.000">
    <skipped/>
  </testcase> <!-- selectAndAddToCartProduct -->
  <system-out/>
  <testcase classname="com.atmecs.automation.travelSiteAutomation.assignment" name="contactUsScript" time="0.000">
    <skipped/>
  </testcase> <!-- contactUsScript -->
  <system-out/>
</testsuite> <!-- com.atmecs.automation.travelSiteAutomation.assignment -->
